Started POST "/vigenere_encrypt" for ::1 at 2024-02-17 20:07:48 +0700
  [1m[35m (1.0ms)[0m  [1m[35mCREATE TABLE "schema_migrations" ("version" varchar NOT NULL PRIMARY KEY)[0m
  [1m[35m (0.1ms)[0m  [1m[35mCREATE TABLE "ar_internal_metadata" ("key" varchar NOT NULL PRIMARY KEY, "value" varchar, "created_at" datetime(6) NOT NULL, "updated_at" datetime(6) NOT NULL)[0m
  [1m[36mActiveRecord::SchemaMigration Load (0.1ms)[0m  [1m[34mSELECT "schema_migrations"."version" FROM "schema_migrations" ORDER BY "schema_migrations"."version" ASC[0m
Processing by VigenereController#encrypt as */*
  Parameters: {"userInput"=>"awd", "userKey"=>"awd", "vigenere"=>{"userInput"=>"awd", "userKey"=>"awd"}}
Completed 200 OK in 6ms (Views: 0.1ms | ActiveRecord: 0.0ms | Allocations: 3616)


Started POST "/vigenere_encrypt" for ::1 at 2024-02-17 20:18:52 +0700
Processing by VigenereController#encrypt as */*
  Parameters: {"userInput"=>"awd", "userKey"=>"awd", "vigenere"=>{"userInput"=>"awd", "userKey"=>"awd"}}
Completed 200 OK in 4ms (Views: 0.4ms | ActiveRecord: 0.0ms | Allocations: 103)


Started POST "/vigenere_decrypt" for ::1 at 2024-02-17 20:20:14 +0700
Processing by VigenereController#decrypt as */*
  Parameters: {"userInput"=>"ASG", "userKey"=>"awd", "vigenere"=>{"userInput"=>"ASG", "userKey"=>"awd"}}
Completed 200 OK in 1ms (Views: 0.2ms | ActiveRecord: 0.0ms | Allocations: 100)


Started POST "/vigenere_encrypt" for ::1 at 2024-02-17 20:26:40 +0700
Processing by VigenereController#encrypt as */*
  Parameters: {"userInput"=>"awd", "userKey"=>"awd", "vigenere"=>{"userInput"=>"awd", "userKey"=>"awd"}}
Completed 200 OK in 2ms (Views: 0.4ms | ActiveRecord: 0.0ms | Allocations: 102)


Started POST "/vigenere_encrypt" for ::1 at 2024-02-17 20:26:47 +0700
Processing by VigenereController#encrypt as */*
  Parameters: {"userInput"=>"awd", "userKey"=>"awd", "vigenere"=>{"userInput"=>"awd", "userKey"=>"awd"}}
Completed 200 OK in 1ms (Views: 0.7ms | ActiveRecord: 0.0ms | Allocations: 102)


Started POST "/vigenere_encrypt" for ::1 at 2024-02-17 20:26:47 +0700
Processing by VigenereController#encrypt as */*
  Parameters: {"userInput"=>"awd", "userKey"=>"awd", "vigenere"=>{"userInput"=>"awd", "userKey"=>"awd"}}
Completed 200 OK in 1ms (Views: 0.4ms | ActiveRecord: 0.0ms | Allocations: 100)


Started POST "/vigenere_encrypt" for ::1 at 2024-02-17 20:26:47 +0700
Processing by VigenereController#encrypt as */*
  Parameters: {"userInput"=>"awd", "userKey"=>"awd", "vigenere"=>{"userInput"=>"awd", "userKey"=>"awd"}}
Completed 200 OK in 1ms (Views: 0.7ms | ActiveRecord: 0.0ms | Allocations: 100)


Started POST "/vigenere_encrypt" for ::1 at 2024-02-17 20:26:48 +0700
Processing by VigenereController#encrypt as */*
  Parameters: {"userInput"=>"awd", "userKey"=>"awd", "vigenere"=>{"userInput"=>"awd", "userKey"=>"awd"}}
Completed 200 OK in 1ms (Views: 0.3ms | ActiveRecord: 0.0ms | Allocations: 100)


Started POST "/vigenere_encrypt" for ::1 at 2024-02-17 20:26:50 +0700
Processing by VigenereController#encrypt as */*
  Parameters: {"userInput"=>"awd", "userKey"=>"awd", "vigenere"=>{"userInput"=>"awd", "userKey"=>"awd"}}
Completed 200 OK in 0ms (Views: 0.1ms | ActiveRecord: 0.0ms | Allocations: 100)


Started POST "/vigenere_encrypt" for ::1 at 2024-02-17 20:26:51 +0700
Processing by VigenereController#encrypt as */*
  Parameters: {"userInput"=>"awd", "userKey"=>"awd", "vigenere"=>{"userInput"=>"awd", "userKey"=>"awd"}}
Completed 200 OK in 1ms (Views: 0.3ms | ActiveRecord: 0.0ms | Allocations: 100)


Started POST "/vigenere_encrypt" for ::1 at 2024-02-17 20:26:51 +0700
Processing by VigenereController#encrypt as */*
  Parameters: {"userInput"=>"awd", "userKey"=>"awd", "vigenere"=>{"userInput"=>"awd", "userKey"=>"awd"}}
Completed 200 OK in 0ms (Views: 0.1ms | ActiveRecord: 0.0ms | Allocations: 101)


Started POST "/vigenere_encrypt" for ::1 at 2024-02-17 20:27:24 +0700
Processing by VigenereController#encrypt as */*
  Parameters: {"userInput"=>"ad", "userKey"=>"awdaw", "vigenere"=>{"userInput"=>"ad", "userKey"=>"awdaw"}}
Completed 200 OK in 1ms (Views: 0.5ms | ActiveRecord: 0.0ms | Allocations: 93)


Started POST "/vigenere_encrypt" for ::1 at 2024-02-17 20:28:26 +0700
Processing by VigenereController#encrypt as */*
  Parameters: {"userInput"=>"adawkdjbnakwdubawodbauwdboauwdbaouwdbaouwdbaouwdbawdawd", "userKey"=>"awdaw", "vigenere"=>{"userInput"=>"adawkdjbnakwdubawodbauwdboauwdbaouwdbaouwdbaouwdbawdawd", "userKey"=>"awdaw"}}
Completed 200 OK in 4ms (Views: 0.4ms | ActiveRecord: 0.0ms | Allocations: 464)


Started POST "/vigenere_encrypt" for ::1 at 2024-02-17 21:10:01 +0700
Processing by VigenereController#encrypt as */*
  Parameters: {"userInput"=>"awd", "userKey"=>"awd", "vigenere"=>{"userInput"=>"awd", "userKey"=>"awd"}}
Completed 200 OK in 3ms (Views: 2.5ms | ActiveRecord: 0.0ms | Allocations: 101)


Started POST "/vigenere_encrypt" for ::1 at 2024-02-17 21:13:27 +0700
Processing by VigenereController#encrypt as */*
  Parameters: {"userInput"=>"adw", "userKey"=>"awdwad", "vigenere"=>{"userInput"=>"adw", "userKey"=>"awdwad"}}
Completed 200 OK in 4ms (Views: 0.3ms | ActiveRecord: 0.0ms | Allocations: 100)


Started POST "/vigenere_encrypt" for ::1 at 2024-02-17 21:16:51 +0700
Processing by VigenereController#encrypt as */*
  Parameters: {"userInput"=>"awdaw", "userKey"=>"awdawd", "vigenere"=>{"userInput"=>"awdaw", "userKey"=>"awdawd"}}
Completed 200 OK in 1ms (Views: 0.2ms | ActiveRecord: 0.0ms | Allocations: 115)


Started POST "/vigenere_encrypt" for ::1 at 2024-02-17 21:17:36 +0700
Processing by VigenereController#encrypt as */*
  Parameters: {"userInput"=>"awdawawduaiwdubaiwdvaiwduvaiwd", "userKey"=>"awdawdiybiyvadw", "vigenere"=>{"userInput"=>"awdawawduaiwdubaiwdvaiwduvaiwd", "userKey"=>"awdawdiybiyvadw"}}
Completed 200 OK in 2ms (Views: 0.5ms | ActiveRecord: 0.0ms | Allocations: 289)


Started POST "/vigenere_encrypt" for ::1 at 2024-02-17 21:17:38 +0700
Processing by VigenereController#encrypt as */*
  Parameters: {"userInput"=>"awdawawduaiwdubaawdihaiwdawdaiwdvaiwduvaiwd", "userKey"=>"awdawdiybiyvadw", "vigenere"=>{"userInput"=>"awdawawduaiwdubaawdihaiwdawdaiwdvaiwduvaiwd", "userKey"=>"awdawdiybiyvadw"}}
Completed 200 OK in 1ms (Views: 0.2ms | ActiveRecord: 0.0ms | Allocations: 380)


Started POST "/vigenere_encrypt" for ::1 at 2024-02-17 21:17:39 +0700
Processing by VigenereController#encrypt as */*
  Parameters: {"userInput"=>"awdawawduaiwdubaawdihaiwdawdaiwdvaiwduvaiwdadw", "userKey"=>"awdawdiybiyvadw", "vigenere"=>{"userInput"=>"awdawawduaiwdubaawdihaiwdawdaiwdvaiwduvaiwdadw", "userKey"=>"awdawdiybiyvadw"}}
Completed 200 OK in 1ms (Views: 0.4ms | ActiveRecord: 0.0ms | Allocations: 401)


Started POST "/hill_encrypt" for ::1 at 2024-02-17 22:12:19 +0700
Processing by HillController#encrypt as */*
  Parameters: {"userInput"=>"adw", "userKey"=>"", "cipherMatrix"=>"2 2 4 3", "size"=>2, "hill"=>{"userInput"=>"adw", "userKey"=>"", "cipherMatrix"=>"2 2 4 3", "size"=>2}}
Completed 200 OK in 1ms (Views: 0.2ms | ActiveRecord: 0.0ms | Allocations: 276)


Started POST "/hill_encrypt" for ::1 at 2024-02-17 22:18:49 +0700
Processing by HillController#encrypt as */*
  Parameters: {"userInput"=>"adw", "userKey"=>"", "cipherMatrix"=>"2 2 4 3", "size"=>2, "hill"=>{"userInput"=>"adw", "userKey"=>"", "cipherMatrix"=>"2 2 4 3", "size"=>2}}
Completed 200 OK in 1ms (Views: 0.2ms | ActiveRecord: 0.0ms | Allocations: 176)


Started POST "/vigenere_encrypt" for ::1 at 2024-02-17 22:56:07 +0700
Processing by VigenereController#encrypt as */*
  Parameters: {"userInput"=>"wda", "userKey"=>"awdaw", "vigenere"=>{"userInput"=>"wda", "userKey"=>"awdaw"}}
Completed 200 OK in 2ms (Views: 0.9ms | ActiveRecord: 0.0ms | Allocations: 100)


Started POST "/vigenere_encrypt" for ::1 at 2024-02-17 23:11:18 +0700
Processing by VigenereController#encrypt as */*
  Parameters: {"userInput"=>"awda", "userKey"=>"awdw", "vigenere"=>{"userInput"=>"awda", "userKey"=>"awdw"}}
Completed 200 OK in 1ms (Views: 0.2ms | ActiveRecord: 0.0ms | Allocations: 107)


Started POST "/vigenere_encrypt" for ::1 at 2024-02-17 23:11:55 +0700
Processing by VigenereController#encrypt as */*
  Parameters: {"userInput"=>"awdawd", "userKey"=>"awdawdwad", "vigenere"=>{"userInput"=>"awdawd", "userKey"=>"awdawdwad"}}
Completed 200 OK in 2ms (Views: 0.6ms | ActiveRecord: 0.0ms | Allocations: 121)


Started POST "/vigenere_encrypt" for ::1 at 2024-02-17 23:34:48 +0700
Processing by VigenereController#encrypt as */*
  Parameters: {"userInput"=>"adwa", "userKey"=>"adwad", "vigenere"=>{"userInput"=>"adwa", "userKey"=>"adwad"}}
Completed 200 OK in 1ms (Views: 0.2ms | ActiveRecord: 0.0ms | Allocations: 107)


Started POST "/vigenere_encrypt" for ::1 at 2024-02-17 23:35:55 +0700
Processing by VigenereController#encrypt as */*
  Parameters: {"userInput"=>"awda", "userKey"=>"awdawd", "vigenere"=>{"userInput"=>"awda", "userKey"=>"awdawd"}}
Completed 200 OK in 1ms (Views: 0.7ms | ActiveRecord: 0.0ms | Allocations: 107)


Started POST "/vigenere_encrypt" for ::1 at 2024-02-17 23:38:49 +0700
Processing by VigenereController#encrypt as */*
  Parameters: {"userInput"=>"awdaw", "userKey"=>"awdawd", "vigenere"=>{"userInput"=>"awdaw", "userKey"=>"awdawd"}}
Completed 200 OK in 13ms (Views: 11.9ms | ActiveRecord: 0.0ms | Allocations: 114)


Started POST "/hill_encrypt" for ::1 at 2024-02-18 00:54:40 +0700
Processing by HillController#encrypt as */*
  Parameters: {"userInput"=>"awd", "userKey"=>"", "keyMatrix"=>"1 213 12 1 1 1 2 1 2", "keySize"=>3, "hill"=>{"userInput"=>"awd", "userKey"=>"", "keyMatrix"=>"1 213 12 1 1 1 2 1 2", "keySize"=>3}}
Completed 500 Internal Server Error in 6ms (ActiveRecord: 0.0ms | Allocations: 133)


  
ArgumentError (invalid slice size):
  
app/controllers/hill_controller.rb:9:in `each_slice'
app/controllers/hill_controller.rb:9:in `encrypt'
Started POST "/hill_encrypt" for ::1 at 2024-02-18 00:56:29 +0700
Processing by HillController#encrypt as */*
  Parameters: {"userInput"=>"paymoremoney", "keyMatrix"=>"17 17 5 21 18 21 2 2 19", "keySize"=>3, "hill"=>{"userInput"=>"paymoremoney", "keyMatrix"=>"17 17 5 21 18 21 2 2 19", "keySize"=>3}}
Completed 500 Internal Server Error in 1ms (ActiveRecord: 0.0ms | Allocations: 101)


  
ArgumentError (invalid slice size):
  
app/controllers/hill_controller.rb:9:in `each_slice'
app/controllers/hill_controller.rb:9:in `encrypt'
Started POST "/hill_encrypt" for ::1 at 2024-02-18 00:56:40 +0700
Processing by HillController#encrypt as */*
  Parameters: {"userInput"=>"paymoremoney", "keyMatrix"=>"17 17 5 21 18 21 2 2 19", "keySize"=>3, "hill"=>{"userInput"=>"paymoremoney", "keyMatrix"=>"17 17 5 21 18 21 2 2 19", "keySize"=>3}}
Completed 500 Internal Server Error in 1ms (ActiveRecord: 0.0ms | Allocations: 101)


  
ArgumentError (invalid slice size):
  
app/controllers/hill_controller.rb:9:in `each_slice'
app/controllers/hill_controller.rb:9:in `encrypt'
Started POST "/hill_encrypt" for ::1 at 2024-02-18 00:58:00 +0700
Processing by HillController#encrypt as */*
  Parameters: {"userInput"=>"paymoremoney", "userKey"=>"", "keyMatrix"=>"17 17 5 21 18 21 2 2 19", "keySize"=>3, "hill"=>{"userInput"=>"paymoremoney", "userKey"=>"", "keyMatrix"=>"17 17 5 21 18 21 2 2 19", "keySize"=>3}}
Completed 500 Internal Server Error in 1ms (ActiveRecord: 0.0ms | Allocations: 101)


  
ArgumentError (invalid slice size):
  
app/controllers/hill_controller.rb:9:in `each_slice'
app/controllers/hill_controller.rb:9:in `encrypt'
Started POST "/hill_encrypt" for ::1 at 2024-02-18 01:01:52 +0700
Processing by HillController#encrypt as */*
  Parameters: {"userInput"=>"paymoremoney", "cipherMatrix"=>"17 17 5 21 18 21 2 2 19", "size"=>3, "hill"=>{"userInput"=>"paymoremoney", "cipherMatrix"=>"17 17 5 21 18 21 2 2 19", "size"=>3}}
Completed 200 OK in 1ms (Views: 0.4ms | ActiveRecord: 0.0ms | Allocations: 297)


Started POST "/vigenere_encrypt" for ::1 at 2024-02-18 01:54:18 +0700
Processing by VigenereController#encrypt as */*
  Parameters: {"userInput"=>"ASGA", "userKey"=>"awdwad", "vigenere"=>{"userInput"=>"ASGA", "userKey"=>"awdwad"}}
Completed 200 OK in 2ms (Views: 0.8ms | ActiveRecord: 0.0ms | Allocations: 106)


Started POST "/vigenere_encrypt" for ::1 at 2024-02-18 02:14:10 +0700
Processing by VigenereController#encrypt as */*
  Parameters: {"userInput"=>"", "userKey"=>"", "vigenere"=>{"userInput"=>"", "userKey"=>""}}
Completed 200 OK in 1ms (Views: 0.3ms | ActiveRecord: 0.0ms | Allocations: 78)


Started POST "/vigenere_decrypt" for ::1 at 2024-02-18 14:16:34 +0700
Processing by VigenereController#decrypt as */*
  Parameters: {"userInput"=>"", "userKey"=>"", "vigenere"=>{"userInput"=>"", "userKey"=>""}}
Completed 200 OK in 5ms (Views: 4.5ms | ActiveRecord: 0.0ms | Allocations: 80)


Started POST "/vigenere_encrypt" for ::1 at 2024-02-18 14:16:34 +0700
Processing by VigenereController#encrypt as */*
  Parameters: {"userInput"=>"", "userKey"=>"", "vigenere"=>{"userInput"=>"", "userKey"=>""}}
Completed 200 OK in 0ms (Views: 0.1ms | ActiveRecord: 0.0ms | Allocations: 79)


Started POST "/enigma_encrypt" for ::1 at 2024-02-18 15:09:18 +0700
  
ActionController::RoutingError (No route matches [POST] "/enigma_encrypt"):
  
Started POST "/vigenere_encrypt" for ::1 at 2024-02-18 15:25:15 +0700
Processing by VigenereController#encrypt as */*
  Parameters: {"userInput"=>"adwwa", "userKey"=>"awdawd", "vigenere"=>{"userInput"=>"adwwa", "userKey"=>"awdawd"}}
Completed 200 OK in 0ms (Views: 0.1ms | ActiveRecord: 0.0ms | Allocations: 183)


Started POST "/vigenere_encrypt" for ::1 at 2024-02-18 15:25:24 +0700
Processing by VigenereController#encrypt as */*
  Parameters: {"userInput"=>"awdaw", "userKey"=>"adwawd", "vigenere"=>{"userInput"=>"awdaw", "userKey"=>"adwawd"}}
Completed 200 OK in 1ms (Views: 0.8ms | ActiveRecord: 0.0ms | Allocations: 109)


Started POST "/enigma_encrypt" for ::1 at 2024-02-18 15:25:51 +0700
  
ActionController::RoutingError (No route matches [POST] "/enigma_encrypt"):
  
Started POST "/enigma_encrypt" for ::1 at 2024-02-18 20:09:28 +0700
  
ActionController::RoutingError (No route matches [POST] "/enigma_encrypt"):
  
Started POST "/enigma_encrypt" for ::1 at 2024-02-18 20:09:32 +0700
  
ActionController::RoutingError (No route matches [POST] "/enigma_encrypt"):
  
Started POST "/enigma_encrypt" for ::1 at 2024-02-18 20:10:19 +0700
  
SyntaxError (/Users/dclairvoyance/Documents/ITB/Semester8/IF4020 - Kriptografi/Tugas/Tugas1_IF4020_Kripto/app/controllers/enigma_controller.rb:45: syntax error, unexpected '{', expecting `then' or ';' or '\n'
...             if (v == letter) {
...                              ^
/Users/dclairvoyance/Documents/ITB/Semester8/IF4020 - Kriptografi/Tugas/Tugas1_IF4020_Kripto/app/controllers/enigma_controller.rb:48: syntax error, unexpected '}', expecting `end' or dummy end
                }
                ^
/Users/dclairvoyance/Documents/ITB/Semester8/IF4020 - Kriptografi/Tugas/Tugas1_IF4020_Kripto/app/controllers/enigma_controller.rb:76: syntax error, unexpected end-of-input, expecting `end' or dummy end):
  
app/controllers/enigma_controller.rb:45: syntax error, unexpected '{', expecting `then' or ';' or '\n'
app/controllers/enigma_controller.rb:48: syntax error, unexpected '}', expecting `end' or dummy end
app/controllers/enigma_controller.rb:76: syntax error, unexpected end-of-input, expecting `end' or dummy end
Started POST "/enigma_encrypt" for ::1 at 2024-02-18 20:11:37 +0700
Processing by EnigmaController#encrypt as */*
  Parameters: {"userInput"=>"adawda", "userKey"=>"E N G M", "enigma"=>{"userInput"=>"adawda", "userKey"=>"E N G M"}}
Completed 500 Internal Server Error in 0ms (ActiveRecord: 0.0ms | Allocations: 132)


  
ArgumentError (wrong number of arguments (given 0, expected 2)):
  
app/controllers/enigma_controller.rb:4:in `encrypt'
Started POST "/enigma_encrypt" for ::1 at 2024-02-18 20:11:56 +0700
Processing by EnigmaController#encrypt as */*
  Parameters: {"userInput"=>"adawda", "userKey"=>"E N G M", "enigma"=>{"userInput"=>"adawda", "userKey"=>"E N G M"}}
Completed 200 OK in 0ms (Views: 0.1ms | ActiveRecord: 0.0ms | Allocations: 711)


Started POST "/enigma_encrypt" for ::1 at 2024-02-18 20:12:01 +0700
Processing by EnigmaController#encrypt as */*
  Parameters: {"userInput"=>"aawdadawda", "userKey"=>"E N G M", "enigma"=>{"userInput"=>"aawdadawda", "userKey"=>"E N G M"}}
Completed 200 OK in 1ms (Views: 0.2ms | ActiveRecord: 0.0ms | Allocations: 649)


Started POST "/enigma_encrypt" for ::1 at 2024-02-18 20:15:35 +0700
Processing by EnigmaController#encrypt as */*
  Parameters: {"userInput"=>"awdaw", "userKey"=>"E N G M", "enigma"=>{"userInput"=>"awdaw", "userKey"=>"E N G M"}}
Completed 200 OK in 1ms (Views: 0.4ms | ActiveRecord: 0.0ms | Allocations: 701)


Started POST "/enigma_decrypt" for ::1 at 2024-02-18 20:15:41 +0700
Processing by EnigmaController#decrypt as */*
  Parameters: {"userInput"=>"phuph", "userKey"=>"E N G M", "enigma"=>{"userInput"=>"phuph", "userKey"=>"E N G M"}}
Completed 200 OK in 1ms (Views: 0.2ms | ActiveRecord: 0.0ms | Allocations: 621)


Started POST "/enigma_decrypt" for ::1 at 2024-02-18 20:15:47 +0700
Processing by EnigmaController#decrypt as */*
  Parameters: {"userInput"=>"phuph", "userKey"=>"E N G M", "enigma"=>{"userInput"=>"phuph", "userKey"=>"E N G M"}}
Completed 200 OK in 1ms (Views: 0.2ms | ActiveRecord: 0.0ms | Allocations: 619)


Started POST "/enigma_decrypt" for ::1 at 2024-02-18 20:15:50 +0700
Processing by EnigmaController#decrypt as */*
  Parameters: {"userInput"=>"phuph", "userKey"=>"E N G M", "enigma"=>{"userInput"=>"phuph", "userKey"=>"E N G M"}}
Completed 200 OK in 1ms (Views: 0.2ms | ActiveRecord: 0.0ms | Allocations: 619)


Started POST "/enigma_encrypt" for ::1 at 2024-02-18 20:23:27 +0700
Processing by EnigmaController#encrypt as */*
  Parameters: {"userInput"=>"phuph", "userKey"=>"E N G M", "enigma"=>{"userInput"=>"phuph", "userKey"=>"E N G M"}}
Completed 200 OK in 1ms (Views: 0.2ms | ActiveRecord: 0.0ms | Allocations: 804)


Started POST "/enigma_encrypt" for ::1 at 2024-02-18 20:23:30 +0700
Processing by EnigmaController#encrypt as */*
  Parameters: {"userInput"=>"phuph", "userKey"=>"E N G M", "enigma"=>{"userInput"=>"phuph", "userKey"=>"E N G M"}}
Completed 200 OK in 1ms (Views: 0.3ms | ActiveRecord: 0.0ms | Allocations: 723)


Started POST "/enigma_decrypt" for ::1 at 2024-02-18 20:23:32 +0700
Processing by EnigmaController#decrypt as */*
  Parameters: {"userInput"=>"phuph", "userKey"=>"E N G M", "enigma"=>{"userInput"=>"phuph", "userKey"=>"E N G M"}}
Completed 200 OK in 1ms (Views: 0.2ms | ActiveRecord: 0.0ms | Allocations: 725)


Started POST "/enigma_decrypt" for ::1 at 2024-02-18 20:23:34 +0700
Processing by EnigmaController#decrypt as */*
  Parameters: {"userInput"=>"phuph", "userKey"=>"E N G M", "enigma"=>{"userInput"=>"phuph", "userKey"=>"E N G M"}}
Completed 200 OK in 1ms (Views: 0.2ms | ActiveRecord: 0.0ms | Allocations: 723)


Started POST "/enigma_encrypt" for ::1 at 2024-02-18 20:24:24 +0700
Processing by EnigmaController#encrypt as */*
  Parameters: {"userInput"=>"lioli", "userKey"=>"E N G M", "enigma"=>{"userInput"=>"lioli", "userKey"=>"E N G M"}}
Completed 200 OK in 1ms (Views: 0.2ms | ActiveRecord: 0.0ms | Allocations: 723)


Started POST "/enigma_decrypt" for ::1 at 2024-02-18 20:24:26 +0700
Processing by EnigmaController#decrypt as */*
  Parameters: {"userInput"=>"lioli", "userKey"=>"E N G M", "enigma"=>{"userInput"=>"lioli", "userKey"=>"E N G M"}}
Completed 200 OK in 1ms (Views: 0.1ms | ActiveRecord: 0.0ms | Allocations: 723)


Started POST "/enigma_encrypt" for ::1 at 2024-02-18 20:24:27 +0700
Processing by EnigmaController#encrypt as */*
  Parameters: {"userInput"=>"lioli", "userKey"=>"E N G M", "enigma"=>{"userInput"=>"lioli", "userKey"=>"E N G M"}}
Completed 200 OK in 2ms (Views: 0.5ms | ActiveRecord: 0.0ms | Allocations: 723)


Started POST "/enigma_decrypt" for ::1 at 2024-02-18 20:24:28 +0700
Processing by EnigmaController#decrypt as */*
  Parameters: {"userInput"=>"lioli", "userKey"=>"E N G M", "enigma"=>{"userInput"=>"lioli", "userKey"=>"E N G M"}}
Completed 200 OK in 0ms (Views: 0.1ms | ActiveRecord: 0.0ms | Allocations: 724)


Started POST "/enigma_encrypt" for ::1 at 2024-02-18 20:24:29 +0700
Processing by EnigmaController#encrypt as */*
  Parameters: {"userInput"=>"lioli", "userKey"=>"E N G M", "enigma"=>{"userInput"=>"lioli", "userKey"=>"E N G M"}}
Completed 200 OK in 1ms (Views: 0.3ms | ActiveRecord: 0.0ms | Allocations: 723)


Started POST "/enigma_decrypt" for ::1 at 2024-02-18 20:24:30 +0700
Processing by EnigmaController#decrypt as */*
  Parameters: {"userInput"=>"lioli", "userKey"=>"E N G M", "enigma"=>{"userInput"=>"lioli", "userKey"=>"E N G M"}}
Completed 200 OK in 2ms (Views: 0.2ms | ActiveRecord: 0.0ms | Allocations: 723)


Started POST "/enigma_decrypt" for ::1 at 2024-02-18 20:24:30 +0700
Processing by EnigmaController#decrypt as */*
  Parameters: {"userInput"=>"lioli", "userKey"=>"E N G M", "enigma"=>{"userInput"=>"lioli", "userKey"=>"E N G M"}}
Completed 200 OK in 5ms (Views: 2.9ms | ActiveRecord: 0.0ms | Allocations: 723)


Started POST "/enigma_encrypt" for ::1 at 2024-02-18 20:24:31 +0700
Processing by EnigmaController#encrypt as */*
  Parameters: {"userInput"=>"lioli", "userKey"=>"E N G M", "enigma"=>{"userInput"=>"lioli", "userKey"=>"E N G M"}}
Completed 200 OK in 0ms (Views: 0.1ms | ActiveRecord: 0.0ms | Allocations: 724)


Started POST "/enigma_encrypt" for ::1 at 2024-02-18 20:36:07 +0700
Processing by EnigmaController#encrypt as */*
  Parameters: {"userInput"=>"a -> c.    c -> b\na --> c.  c --> d", "userKey"=>"E N G M", "enigma"=>{"userInput"=>"a -> c.    c -> b\na --> c.  c --> d", "userKey"=>"E N G M"}}
Completed 200 OK in 0ms (Views: 0.1ms | ActiveRecord: 0.0ms | Allocations: 548)


Started POST "/enigma_encrypt" for ::1 at 2024-02-18 20:42:02 +0700
Processing by EnigmaController#encrypt as */*
  Parameters: {"userInput"=>"asdawd", "userKey"=>"E N G M", "enigma"=>{"userInput"=>"asdawd", "userKey"=>"E N G M"}}
Completed 500 Internal Server Error in 0ms (ActiveRecord: 0.0ms | Allocations: 168)


  
NameError (undefined local variable or method `rotors' for an instance of EnigmaController):
  
app/controllers/enigma_controller.rb:13:in `block in encrypt'
app/controllers/enigma_controller.rb:12:in `each_char'
app/controllers/enigma_controller.rb:12:in `encrypt'
Started POST "/enigma_encrypt" for ::1 at 2024-02-18 20:42:13 +0700
Processing by EnigmaController#encrypt as */*
  Parameters: {"userInput"=>"asdawd", "userKey"=>"E N G M", "enigma"=>{"userInput"=>"asdawd", "userKey"=>"E N G M"}}
Completed 200 OK in 0ms (Views: 0.1ms | ActiveRecord: 0.0ms | Allocations: 809)


